Using pre-set license
Built from '2020.3/staging' branch; Version is '2020.3.0f1 (c7b5465681fb) revision 13088070'; Using compiler version '192528614'; Build Type 'Release'
OS: 'Windows 10 Pro; OS build 19042.804; Version 2009; 64bit' Language: 'en' Physical Memory: 16339 MB
BatchMode: 1, IsHumanControllingUs: 0, StartBugReporterOnCrash: 0, Is64bit: 1, IsPro: 0

 COMMAND LINE ARGUMENTS:
C:\Program Files\Unity\Hub\Editor\2020.3.0f1\Editor\Unity.exe
-adb2
-batchMode
-noUpm
-name
AssetImportWorker1
-projectPath
C:/Development/Snake
-logFile
Logs/AssetImportWorker1.log
-srvPort
51734
Successfully changed project path to: C:/Development/Snake
C:/Development/Snake
Using Asset Import Pipeline V2.
Refreshing native plugins compatible for Editor in 91.30 ms, found 0 plugins.
Preloading 0 native plugins for Editor in 0.00 ms.
Initialize engine version: 2020.3.0f1 (c7b5465681fb)
[Subsystems] Discovering subsystems at path C:/Program Files/Unity/Hub/Editor/2020.3.0f1/Editor/Data/Resources/UnitySubsystems
[Subsystems] Discovering subsystems at path C:/Development/Snake/Assets
GfxDevice: creating device client; threaded=0
Direct3D:
    Version:  Direct3D 11.0 [level 11.1]
    Renderer: NVIDIA GeForce GTX 1060 6GB (ID=0x1c03)
    Vendor:   
    VRAM:     6052 MB
    Driver:   27.21.14.5671
Initialize mono
Mono path[0] = 'C:/Program Files/Unity/Hub/Editor/2020.3.0f1/Editor/Data/Managed'
Mono path[1] = 'C:/Program Files/Unity/Hub/Editor/2020.3.0f1/Editor/Data/MonoBleedingEdge/lib/mono/unityjit'
Mono config path = 'C:/Program Files/Unity/Hub/Editor/2020.3.0f1/Editor/Data/MonoBleedingEdge/etc'
Using monoOptions --debugger-agent=transport=dt_socket,embedding=1,server=y,suspend=n,address=127.0.0.1:56364
Begin MonoManager ReloadAssembly
Registering precompiled unity dll's ...
Register platform support module: C:/Program Files/Unity/Hub/Editor/2020.3.0f1/Editor/Data/PlaybackEngines/WindowsStandaloneSupport/UnityEditor.WindowsStandalone.Extensions.dll
Registered in 0.002220 seconds.
Native extension for WindowsStandalone target not found
Refreshing native plugins compatible for Editor in 80.72 ms, found 0 plugins.
Preloading 0 native plugins for Editor in 0.00 ms.
Invoked RoslynAnalysisRunner static constructor.
RoslynAnalysisRunner will not be running.
RoslynAnalysisRunner has terminated.
Mono: successfully reloaded assembly
- Completed reload, in  1.429 seconds
Platform modules already initialized, skipping
Registering precompiled user dll's ...
Registered in 0.003881 seconds.
Begin MonoManager ReloadAssembly
Native extension for WindowsStandalone target not found
Refreshing native plugins compatible for Editor in 126.64 ms, found 0 plugins.
Preloading 0 native plugins for Editor in 0.00 ms.
Invoked RoslynAnalysisRunner static constructor.
RoslynAnalysisRunner will not be running.
RoslynAnalysisRunner has terminated.
Mono: successfully reloaded assembly
- Completed reload, in  3.037 seconds
Platform modules already initialized, skipping
========================================================================
Worker process is ready to serve import requests
Launched and connected shader compiler UnityShaderCompiler.exe after 0.09 seconds
Refreshing native plugins compatible for Editor in 0.71 ms, found 0 plugins.
Preloading 0 native plugins for Editor in 0.00 ms.
Unloading 3546 Unused Serialized files (Serialized files now loaded: 0)
System memory in use before: 174.0 MB.
System memory in use after: 171.3 MB.

Unloading 45 unused Assets to reduce memory usage. Loaded Objects now: 3974.
Total: 5.240500 ms (FindLiveObjects: 0.495700 ms CreateObjectMapping: 0.172800 ms MarkObjects: 2.407700 ms  DeleteObjects: 2.163000 ms)

========================================================================
Received Prepare
Registering precompiled user dll's ...
Registered in 0.002036 seconds.
Begin MonoManager ReloadAssembly
Native extension for WindowsStandalone target not found
Refreshing native plugins compatible for Editor in 0.91 ms, found 0 plugins.
Preloading 0 native plugins for Editor in 0.00 ms.
Invoked RoslynAnalysisRunner static constructor.
RoslynAnalysisRunner will not be running.
RoslynAnalysisRunner has terminated.
Mono: successfully reloaded assembly
- Completed reload, in  1.325 seconds
Platform modules already initialized, skipping
Refreshing native plugins compatible for Editor in 0.72 ms, found 0 plugins.
Preloading 0 native plugins for Editor in 0.00 ms.
Unloading 3284 Unused Serialized files (Serialized files now loaded: 0)
System memory in use before: 162.5 MB.
System memory in use after: 159.8 MB.

Unloading 39 unused Assets to reduce memory usage. Loaded Objects now: 3977.
Total: 4.796600 ms (FindLiveObjects: 0.353600 ms CreateObjectMapping: 0.139300 ms MarkObjects: 2.190400 ms  DeleteObjects: 2.111800 ms)

========================================================================
Received Prepare
Registering precompiled user dll's ...
Registered in 0.001751 seconds.
Begin MonoManager ReloadAssembly
Native extension for WindowsStandalone target not found
Refreshing native plugins compatible for Editor in 0.70 ms, found 0 plugins.
Preloading 0 native plugins for Editor in 0.00 ms.
Invoked RoslynAnalysisRunner static constructor.
RoslynAnalysisRunner will not be running.
RoslynAnalysisRunner has terminated.
Mono: successfully reloaded assembly
- Completed reload, in  1.227 seconds
Platform modules already initialized, skipping
Refreshing native plugins compatible for Editor in 0.71 ms, found 0 plugins.
Preloading 0 native plugins for Editor in 0.00 ms.
Unloading 3284 Unused Serialized files (Serialized files now loaded: 0)
System memory in use before: 162.6 MB.
System memory in use after: 159.9 MB.

Unloading 39 unused Assets to reduce memory usage. Loaded Objects now: 3980.
Total: 4.960600 ms (FindLiveObjects: 0.368400 ms CreateObjectMapping: 0.139100 ms MarkObjects: 2.026700 ms  DeleteObjects: 2.424900 ms)

========================================================================
Received Prepare
Registering precompiled user dll's ...
Registered in 0.001816 seconds.
Begin MonoManager ReloadAssembly
Native extension for WindowsStandalone target not found
Refreshing native plugins compatible for Editor in 0.73 ms, found 0 plugins.
Preloading 0 native plugins for Editor in 0.00 ms.
Invoked RoslynAnalysisRunner static constructor.
RoslynAnalysisRunner will not be running.
RoslynAnalysisRunner has terminated.
Mono: successfully reloaded assembly
- Completed reload, in  1.223 seconds
Platform modules already initialized, skipping
Refreshing native plugins compatible for Editor in 0.82 ms, found 0 plugins.
Preloading 0 native plugins for Editor in 0.00 ms.
Unloading 3284 Unused Serialized files (Serialized files now loaded: 0)
System memory in use before: 162.6 MB.
System memory in use after: 159.9 MB.

Unloading 39 unused Assets to reduce memory usage. Loaded Objects now: 3983.
Total: 5.445300 ms (FindLiveObjects: 0.401100 ms CreateObjectMapping: 0.144400 ms MarkObjects: 2.282900 ms  DeleteObjects: 2.615300 ms)

========================================================================
Received Prepare
Registering precompiled user dll's ...
Registered in 0.001768 seconds.
Begin MonoManager ReloadAssembly
Native extension for WindowsStandalone target not found
Refreshing native plugins compatible for Editor in 0.71 ms, found 0 plugins.
Preloading 0 native plugins for Editor in 0.00 ms.
Invoked RoslynAnalysisRunner static constructor.
RoslynAnalysisRunner will not be running.
RoslynAnalysisRunner has terminated.
Mono: successfully reloaded assembly
- Completed reload, in  1.210 seconds
Platform modules already initialized, skipping
Refreshing native plugins compatible for Editor in 0.73 ms, found 0 plugins.
Preloading 0 native plugins for Editor in 0.00 ms.
Unloading 3284 Unused Serialized files (Serialized files now loaded: 0)
System memory in use before: 162.6 MB.
System memory in use after: 159.9 MB.

Unloading 39 unused Assets to reduce memory usage. Loaded Objects now: 3986.
Total: 5.086900 ms (FindLiveObjects: 0.466800 ms CreateObjectMapping: 0.144400 ms MarkObjects: 2.041200 ms  DeleteObjects: 2.433100 ms)

========================================================================
Received Prepare
Registering precompiled user dll's ...
Registered in 0.002214 seconds.
Begin MonoManager ReloadAssembly
Native extension for WindowsStandalone target not found
Refreshing native plugins compatible for Editor in 0.75 ms, found 0 plugins.
Preloading 0 native plugins for Editor in 0.00 ms.
Invoked RoslynAnalysisRunner static constructor.
RoslynAnalysisRunner will not be running.
RoslynAnalysisRunner has terminated.
Mono: successfully reloaded assembly
- Completed reload, in  1.544 seconds
Platform modules already initialized, skipping
Refreshing native plugins compatible for Editor in 0.81 ms, found 0 plugins.
Preloading 0 native plugins for Editor in 0.00 ms.
Unloading 3284 Unused Serialized files (Serialized files now loaded: 0)
System memory in use before: 162.7 MB.
System memory in use after: 159.9 MB.

Unloading 39 unused Assets to reduce memory usage. Loaded Objects now: 3989.
Total: 9.848700 ms (FindLiveObjects: 1.302700 ms CreateObjectMapping: 0.491500 ms MarkObjects: 5.232000 ms  DeleteObjects: 2.817400 ms)

========================================================================
Received Prepare
Registering precompiled user dll's ...
Registered in 0.001733 seconds.
Begin MonoManager ReloadAssembly
Native extension for WindowsStandalone target not found
Refreshing native plugins compatible for Editor in 0.72 ms, found 0 plugins.
Preloading 0 native plugins for Editor in 0.00 ms.
Invoked RoslynAnalysisRunner static constructor.
RoslynAnalysisRunner will not be running.
RoslynAnalysisRunner has terminated.
Mono: successfully reloaded assembly
- Completed reload, in  1.182 seconds
Platform modules already initialized, skipping
Refreshing native plugins compatible for Editor in 0.74 ms, found 0 plugins.
Preloading 0 native plugins for Editor in 0.00 ms.
Unloading 3284 Unused Serialized files (Serialized files now loaded: 0)
System memory in use before: 162.7 MB.
System memory in use after: 159.9 MB.

Unloading 39 unused Assets to reduce memory usage. Loaded Objects now: 3992.
Total: 6.017200 ms (FindLiveObjects: 0.567100 ms CreateObjectMapping: 0.157300 ms MarkObjects: 2.368800 ms  DeleteObjects: 2.922200 ms)

========================================================================
Received Prepare
Registering precompiled user dll's ...
Registered in 0.001777 seconds.
Begin MonoManager ReloadAssembly
Native extension for WindowsStandalone target not found
Refreshing native plugins compatible for Editor in 0.69 ms, found 0 plugins.
Preloading 0 native plugins for Editor in 0.00 ms.
Invoked RoslynAnalysisRunner static constructor.
RoslynAnalysisRunner will not be running.
RoslynAnalysisRunner has terminated.
Mono: successfully reloaded assembly
- Completed reload, in  1.247 seconds
Platform modules already initialized, skipping
Refreshing native plugins compatible for Editor in 0.70 ms, found 0 plugins.
Preloading 0 native plugins for Editor in 0.00 ms.
Unloading 3284 Unused Serialized files (Serialized files now loaded: 0)
System memory in use before: 162.7 MB.
System memory in use after: 159.9 MB.

Unloading 39 unused Assets to reduce memory usage. Loaded Objects now: 3995.
Total: 5.439000 ms (FindLiveObjects: 0.328500 ms CreateObjectMapping: 0.142100 ms MarkObjects: 2.417300 ms  DeleteObjects: 2.549000 ms)

========================================================================
Received Prepare
Registering precompiled user dll's ...
Registered in 0.001744 seconds.
Begin MonoManager ReloadAssembly
Native extension for WindowsStandalone target not found
Refreshing native plugins compatible for Editor in 0.71 ms, found 0 plugins.
Preloading 0 native plugins for Editor in 0.00 ms.
Invoked RoslynAnalysisRunner static constructor.
RoslynAnalysisRunner will not be running.
RoslynAnalysisRunner has terminated.
Mono: successfully reloaded assembly
- Completed reload, in  1.229 seconds
Platform modules already initialized, skipping
Refreshing native plugins compatible for Editor in 0.70 ms, found 0 plugins.
Preloading 0 native plugins for Editor in 0.00 ms.
Unloading 3284 Unused Serialized files (Serialized files now loaded: 0)
System memory in use before: 162.7 MB.
System memory in use after: 160.0 MB.

Unloading 39 unused Assets to reduce memory usage. Loaded Objects now: 3998.
Total: 5.720400 ms (FindLiveObjects: 0.473100 ms CreateObjectMapping: 0.145300 ms MarkObjects: 2.334700 ms  DeleteObjects: 2.765200 ms)

========================================================================
Received Import Request.
  path: ProjectSettings/TagManager.asset
  artifactKey: Guid(00000000000000003000000000000000) Importer(815301076,1909f56bfc062723c751e8b465ee728b)
Start importing ProjectSettings/TagManager.asset using Guid(00000000000000003000000000000000) Importer(815301076,1909f56bfc062723c751e8b465ee728b)  -> (artifact id: 'f59791b772ceaf105bbd594f2a340945') in 0.036911 seconds
  Import took 0.044323 seconds .

========================================================================
Received Prepare
Registering precompiled user dll's ...
Registered in 0.001918 seconds.
Begin MonoManager ReloadAssembly
Native extension for WindowsStandalone target not found
Refreshing native plugins compatible for Editor in 0.91 ms, found 0 plugins.
Preloading 0 native plugins for Editor in 0.00 ms.
Invoked RoslynAnalysisRunner static constructor.
RoslynAnalysisRunner will not be running.
RoslynAnalysisRunner has terminated.
Mono: successfully reloaded assembly
- Completed reload, in  1.281 seconds
Platform modules already initialized, skipping
Refreshing native plugins compatible for Editor in 0.72 ms, found 0 plugins.
Preloading 0 native plugins for Editor in 0.00 ms.
Unloading 3284 Unused Serialized files (Serialized files now loaded: 0)
System memory in use before: 162.7 MB.
System memory in use after: 160.0 MB.

Unloading 40 unused Assets to reduce memory usage. Loaded Objects now: 4001.
Total: 6.440400 ms (FindLiveObjects: 0.686600 ms CreateObjectMapping: 0.183100 ms MarkObjects: 2.717000 ms  DeleteObjects: 2.851800 ms)

========================================================================
Received Prepare
Registering precompiled user dll's ...
Registered in 0.002288 seconds.
Begin MonoManager ReloadAssembly
Native extension for WindowsStandalone target not found
Refreshing native plugins compatible for Editor in 4.84 ms, found 0 plugins.
Preloading 0 native plugins for Editor in 0.00 ms.
Invoked RoslynAnalysisRunner static constructor.
RoslynAnalysisRunner will not be running.
RoslynAnalysisRunner has terminated.
Mono: successfully reloaded assembly
- Completed reload, in  1.251 seconds
Platform modules already initialized, skipping
Refreshing native plugins compatible for Editor in 0.70 ms, found 0 plugins.
Preloading 0 native plugins for Editor in 0.00 ms.
Unloading 3284 Unused Serialized files (Serialized files now loaded: 0)
System memory in use before: 162.7 MB.
System memory in use after: 160.0 MB.

Unloading 39 unused Assets to reduce memory usage. Loaded Objects now: 4004.
Total: 5.179400 ms (FindLiveObjects: 0.348000 ms CreateObjectMapping: 0.140800 ms MarkObjects: 2.066700 ms  DeleteObjects: 2.622700 ms)

========================================================================
Received Prepare
Registering precompiled user dll's ...
Registered in 0.002213 seconds.
Begin MonoManager ReloadAssembly
Native extension for WindowsStandalone target not found
Refreshing native plugins compatible for Editor in 0.78 ms, found 0 plugins.
Preloading 0 native plugins for Editor in 0.00 ms.
Invoked RoslynAnalysisRunner static constructor.
RoslynAnalysisRunner will not be running.
RoslynAnalysisRunner has terminated.
Mono: successfully reloaded assembly
- Completed reload, in  1.313 seconds
Platform modules already initialized, skipping
Refreshing native plugins compatible for Editor in 0.72 ms, found 0 plugins.
Preloading 0 native plugins for Editor in 0.00 ms.
Unloading 3284 Unused Serialized files (Serialized files now loaded: 0)
System memory in use before: 162.7 MB.
System memory in use after: 160.0 MB.

Unloading 39 unused Assets to reduce memory usage. Loaded Objects now: 4007.
Total: 6.515500 ms (FindLiveObjects: 0.420300 ms CreateObjectMapping: 0.152300 ms MarkObjects: 2.663900 ms  DeleteObjects: 3.277300 ms)

========================================================================
Received Prepare
Registering precompiled user dll's ...
Registered in 0.002523 seconds.
Begin MonoManager ReloadAssembly
Native extension for WindowsStandalone target not found
Refreshing native plugins compatible for Editor in 0.71 ms, found 0 plugins.
Preloading 0 native plugins for Editor in 0.00 ms.
Invoked RoslynAnalysisRunner static constructor.
RoslynAnalysisRunner will not be running.
RoslynAnalysisRunner has terminated.
Mono: successfully reloaded assembly
- Completed reload, in  1.317 seconds
Platform modules already initialized, skipping
Refreshing native plugins compatible for Editor in 0.72 ms, found 0 plugins.
Preloading 0 native plugins for Editor in 0.00 ms.
Unloading 3284 Unused Serialized files (Serialized files now loaded: 0)
System memory in use before: 162.7 MB.
System memory in use after: 160.0 MB.

Unloading 39 unused Assets to reduce memory usage. Loaded Objects now: 4010.
Total: 5.170200 ms (FindLiveObjects: 0.321100 ms CreateObjectMapping: 0.139800 ms MarkObjects: 2.085000 ms  DeleteObjects: 2.622800 ms)

========================================================================
Received Prepare
Registering precompiled user dll's ...
Registered in 0.001759 seconds.
Begin MonoManager ReloadAssembly
Native extension for WindowsStandalone target not found
Refreshing native plugins compatible for Editor in 0.70 ms, found 0 plugins.
Preloading 0 native plugins for Editor in 0.00 ms.
Invoked RoslynAnalysisRunner static constructor.
RoslynAnalysisRunner will not be running.
RoslynAnalysisRunner has terminated.
Mono: successfully reloaded assembly
- Completed reload, in  1.217 seconds
Platform modules already initialized, skipping
Refreshing native plugins compatible for Editor in 0.75 ms, found 0 plugins.
Preloading 0 native plugins for Editor in 0.00 ms.
Unloading 3284 Unused Serialized files (Serialized files now loaded: 0)
System memory in use before: 162.7 MB.
System memory in use after: 160.0 MB.

Unloading 39 unused Assets to reduce memory usage. Loaded Objects now: 4013.
Total: 6.170800 ms (FindLiveObjects: 0.721900 ms CreateObjectMapping: 0.181700 ms MarkObjects: 2.609400 ms  DeleteObjects: 2.655900 ms)

========================================================================
Received Prepare
Registering precompiled user dll's ...
Registered in 0.002153 seconds.
Begin MonoManager ReloadAssembly
Native extension for WindowsStandalone target not found
Refreshing native plugins compatible for Editor in 0.71 ms, found 0 plugins.
Preloading 0 native plugins for Editor in 0.00 ms.
Invoked RoslynAnalysisRunner static constructor.
RoslynAnalysisRunner will not be running.
RoslynAnalysisRunner has terminated.
Mono: successfully reloaded assembly
- Completed reload, in  1.329 seconds
Platform modules already initialized, skipping
Refreshing native plugins compatible for Editor in 0.71 ms, found 0 plugins.
Preloading 0 native plugins for Editor in 0.00 ms.
Unloading 3284 Unused Serialized files (Serialized files now loaded: 0)
System memory in use before: 162.7 MB.
System memory in use after: 160.0 MB.

Unloading 39 unused Assets to reduce memory usage. Loaded Objects now: 4016.
Total: 5.969900 ms (FindLiveObjects: 0.400100 ms CreateObjectMapping: 0.144800 ms MarkObjects: 2.409200 ms  DeleteObjects: 3.013700 ms)

========================================================================
Received Prepare
Registering precompiled user dll's ...
Registered in 0.001730 seconds.
Begin MonoManager ReloadAssembly
Native extension for WindowsStandalone target not found
Refreshing native plugins compatible for Editor in 0.71 ms, found 0 plugins.
Preloading 0 native plugins for Editor in 0.00 ms.
Invoked RoslynAnalysisRunner static constructor.
RoslynAnalysisRunner will not be running.
RoslynAnalysisRunner has terminated.
Mono: successfully reloaded assembly
- Completed reload, in  1.346 seconds
Platform modules already initialized, skipping
Refreshing native plugins compatible for Editor in 0.95 ms, found 0 plugins.
Preloading 0 native plugins for Editor in 0.00 ms.
Unloading 3284 Unused Serialized files (Serialized files now loaded: 0)
System memory in use before: 162.7 MB.
System memory in use after: 160.0 MB.

Unloading 39 unused Assets to reduce memory usage. Loaded Objects now: 4019.
Total: 9.372700 ms (FindLiveObjects: 0.992000 ms CreateObjectMapping: 0.342100 ms MarkObjects: 4.391300 ms  DeleteObjects: 3.642600 ms)

========================================================================
Received Import Request.
  Time since last request: 1019.103614 seconds.
  path: Assets/Prefabs/Fruit_Apple.prefab
  artifactKey: Guid(8b784ca087f5d264eba38f2a7a1516b7) Importer(815301076,1909f56bfc062723c751e8b465ee728b)
Start importing Assets/Prefabs/Fruit_Apple.prefab using Guid(8b784ca087f5d264eba38f2a7a1516b7) Importer(815301076,1909f56bfc062723c751e8b465ee728b)  -> (artifact id: '98543b07a4886e02b1706c9d9bdcd67b') in 0.037154 seconds
  Import took 0.045834 seconds .

========================================================================
Received Import Request.
  Time since last request: 127.572198 seconds.
  path: Assets/SimpleEnviroment/Models/game_objects/fruit_apple/fruit_apple.FBX
  artifactKey: Guid(537cbd58505b2944ab0eee9d0b0610cc) Importer(815301076,1909f56bfc062723c751e8b465ee728b)
Start importing Assets/SimpleEnviroment/Models/game_objects/fruit_apple/fruit_apple.FBX using Guid(537cbd58505b2944ab0eee9d0b0610cc) Importer(815301076,1909f56bfc062723c751e8b465ee728b)  -> (artifact id: '429792cc8fa5da4be74859a54e2eb40e') in 0.817299 seconds
  Import took 0.826322 seconds .

========================================================================
Received Import Request.
  Time since last request: 0.000273 seconds.
  path: Assets/SimpleEnviroment/Models/game_objects/fruit_apple/fruit_apple_shadow_caster.FBX
  artifactKey: Guid(27ee1b20b5d119740a6f38d60181429e) Importer(815301076,1909f56bfc062723c751e8b465ee728b)
Start importing Assets/SimpleEnviroment/Models/game_objects/fruit_apple/fruit_apple_shadow_caster.FBX using Guid(27ee1b20b5d119740a6f38d60181429e) Importer(815301076,1909f56bfc062723c751e8b465ee728b)  -> (artifact id: 'ad497042c8394b32a641313c2a3db644') in 0.033056 seconds
  Import took 0.040104 seconds .

========================================================================
Received Import Request.
  Time since last request: 0.000255 seconds.
  path: Assets/SimpleEnviroment/Models/game_objects/fruit_apple/fruit_apple.FBX
  artifactKey: Guid(537cbd58505b2944ab0eee9d0b0610cc) Importer(815301076,1909f56bfc062723c751e8b465ee728b)
Start importing Assets/SimpleEnviroment/Models/game_objects/fruit_apple/fruit_apple.FBX using Guid(537cbd58505b2944ab0eee9d0b0610cc) Importer(815301076,1909f56bfc062723c751e8b465ee728b)  -> (artifact id: '429792cc8fa5da4be74859a54e2eb40e') in 0.050304 seconds
  Import took 0.056618 seconds .

========================================================================
Received Import Request.
  Time since last request: 4.057752 seconds.
  path: Assets/SimpleEnviroment/Resources/GameObjects/Fruit_Apple.prefab
  artifactKey: Guid(114a30175a323a04392c67422c7cc18e) Importer(815301076,1909f56bfc062723c751e8b465ee728b)
Start importing Assets/SimpleEnviroment/Resources/GameObjects/Fruit_Apple.prefab using Guid(114a30175a323a04392c67422c7cc18e) Importer(815301076,1909f56bfc062723c751e8b465ee728b)  -> (artifact id: 'ac8668fecdaf106aa5642f32b6742a53') in 0.034282 seconds
  Import took 0.041309 seconds .

========================================================================
Received Import Request.
  Time since last request: 8.167155 seconds.
  path: Assets/SimpleEnviroment/Models/game_objects/fruit_apple/Materials/apple.mat
  artifactKey: Guid(c1041bedf4dfeab418ea575fd3d35a2d) Importer(815301076,1909f56bfc062723c751e8b465ee728b)
Start importing Assets/SimpleEnviroment/Models/game_objects/fruit_apple/Materials/apple.mat using Guid(c1041bedf4dfeab418ea575fd3d35a2d) Importer(815301076,1909f56bfc062723c751e8b465ee728b)  -> (artifact id: 'b4d24c79f403727a24ee97325106c408') in 0.041960 seconds
  Import took 0.049208 seconds .

========================================================================
Received Import Request.
  Time since last request: 0.000286 seconds.
  path: Assets/SimpleEnviroment/Models/game_objects/fruit_apple/Materials/apple_soft_shadow.mat
  artifactKey: Guid(dbed0b804adc5a64f8ce004ff3085200) Importer(815301076,1909f56bfc062723c751e8b465ee728b)
Start importing Assets/SimpleEnviroment/Models/game_objects/fruit_apple/Materials/apple_soft_shadow.mat using Guid(dbed0b804adc5a64f8ce004ff3085200) Importer(815301076,1909f56bfc062723c751e8b465ee728b)  -> (artifact id: '7fcfa40a30aed461b7438029e2061c28') in 0.026240 seconds
  Import took 0.032306 seconds .

========================================================================
Received Import Request.
  Time since last request: 0.000291 seconds.
  path: Assets/SimpleEnviroment/Models/game_objects/fruit_apple/Materials/shadow_caster.mat
  artifactKey: Guid(ab54f0890f8ab4904a95898c396a23c9) Importer(815301076,1909f56bfc062723c751e8b465ee728b)
Start importing Assets/SimpleEnviroment/Models/game_objects/fruit_apple/Materials/shadow_caster.mat using Guid(ab54f0890f8ab4904a95898c396a23c9) Importer(815301076,1909f56bfc062723c751e8b465ee728b)  -> (artifact id: '4c949bf4f5ee3a99f66559ecb079b811') in 0.028398 seconds
  Import took 0.035194 seconds .

========================================================================
Received Import Request.
  Time since last request: 1.249994 seconds.
  path: Assets/SimpleEnviroment/Models/game_objects/fruit_apple/textures/apple.png
  artifactKey: Guid(80710e2304c7bb645acf66c863764d38) Importer(815301076,1909f56bfc062723c751e8b465ee728b)
Start importing Assets/SimpleEnviroment/Models/game_objects/fruit_apple/textures/apple.png using Guid(80710e2304c7bb645acf66c863764d38) Importer(815301076,1909f56bfc062723c751e8b465ee728b)  -> (artifact id: '8d8c5f5098243a8a8e5ad33f42d1c408') in 0.030211 seconds
  Import took 0.036823 seconds .

========================================================================
Received Import Request.
  Time since last request: 0.000356 seconds.
  path: Assets/SimpleEnviroment/Models/game_objects/fruit_apple/textures/apple_soft_shadow.tga
  artifactKey: Guid(35c33178985fff04686b0294b3eac001) Importer(815301076,1909f56bfc062723c751e8b465ee728b)
Start importing Assets/SimpleEnviroment/Models/game_objects/fruit_apple/textures/apple_soft_shadow.tga using Guid(35c33178985fff04686b0294b3eac001) Importer(815301076,1909f56bfc062723c751e8b465ee728b)  -> (artifact id: '1236588ae288c31bd14bb618b8846287') in 0.010655 seconds
  Import took 0.016373 seconds .

========================================================================
Received Prepare
Registering precompiled user dll's ...
Registered in 0.003374 seconds.
Begin MonoManager ReloadAssembly
Native extension for WindowsStandalone target not found
Refreshing native plugins compatible for Editor in 0.81 ms, found 0 plugins.
Preloading 0 native plugins for Editor in 0.00 ms.
Invoked RoslynAnalysisRunner static constructor.
RoslynAnalysisRunner will not be running.
RoslynAnalysisRunner has terminated.
Mono: successfully reloaded assembly
- Completed reload, in  1.350 seconds
Platform modules already initialized, skipping
Refreshing native plugins compatible for Editor in 0.80 ms, found 0 plugins.
Preloading 0 native plugins for Editor in 0.00 ms.
Unloading 3295 Unused Serialized files (Serialized files now loaded: 0)
System memory in use before: 173.8 MB.
System memory in use after: 171.5 MB.

Unloading 33 unused Assets to reduce memory usage. Loaded Objects now: 4202.
Total: 4.854800 ms (FindLiveObjects: 0.355300 ms CreateObjectMapping: 0.159500 ms MarkObjects: 2.263800 ms  DeleteObjects: 2.075000 ms)

========================================================================
Received Import Request.
  Time since last request: 529.210144 seconds.
  path: Assets/Low Poly Fruits/Prefabs/apple.prefab
  artifactKey: Guid(426b44a7575f71e479fab4f4e8431989) Importer(815301076,1909f56bfc062723c751e8b465ee728b)
Start importing Assets/Low Poly Fruits/Prefabs/apple.prefab using Guid(426b44a7575f71e479fab4f4e8431989) Importer(815301076,1909f56bfc062723c751e8b465ee728b)  -> (artifact id: 'd538a1513c6e5c966240301afc88199e') in 0.573784 seconds
  Import took 0.583547 seconds .

========================================================================
Received Import Request.
  Time since last request: 31.585083 seconds.
  path: Assets/Scripts/AppleScript.cs
  artifactKey: Guid(3810c03c628646647aef0c372b0169f1) Importer(815301076,1909f56bfc062723c751e8b465ee728b)
Start importing Assets/Scripts/AppleScript.cs using Guid(3810c03c628646647aef0c372b0169f1) Importer(815301076,1909f56bfc062723c751e8b465ee728b)  -> (artifact id: '734bc2c53e5859c457ea4dba3704a1cd') in 0.029198 seconds
  Import took 0.038643 seconds .

========================================================================
Received Import Request.
  Time since last request: 0.002474 seconds.
  path: Assets/Scripts/AppleScript.cs
  artifactKey: Guid(3810c03c628646647aef0c372b0169f1) Importer(815301076,1909f56bfc062723c751e8b465ee728b)
Start importing Assets/Scripts/AppleScript.cs using Guid(3810c03c628646647aef0c372b0169f1) Importer(815301076,1909f56bfc062723c751e8b465ee728b)  -> (artifact id: '734bc2c53e5859c457ea4dba3704a1cd') in 0.005214 seconds
  Import took 0.013495 seconds .

========================================================================
Received Prepare
Registering precompiled user dll's ...
Registered in 0.001754 seconds.
Begin MonoManager ReloadAssembly
Native extension for WindowsStandalone target not found
Refreshing native plugins compatible for Editor in 0.76 ms, found 0 plugins.
Preloading 0 native plugins for Editor in 0.00 ms.
Invoked RoslynAnalysisRunner static constructor.
RoslynAnalysisRunner will not be running.
RoslynAnalysisRunner has terminated.
Mono: successfully reloaded assembly
- Completed reload, in  1.268 seconds
Platform modules already initialized, skipping
Refreshing native plugins compatible for Editor in 1.11 ms, found 0 plugins.
Preloading 0 native plugins for Editor in 0.00 ms.
Unloading 3279 Unused Serialized files (Serialized files now loaded: 0)
System memory in use before: 173.4 MB.
System memory in use after: 171.0 MB.

Unloading 33 unused Assets to reduce memory usage. Loaded Objects now: 4309.
Total: 5.694400 ms (FindLiveObjects: 0.479500 ms CreateObjectMapping: 0.144600 ms MarkObjects: 2.678900 ms  DeleteObjects: 2.389500 ms)

========================================================================
Received Import Request.
  Time since last request: 14.929363 seconds.
  path: Assets/Low Poly Fruits/Fruits_FBX.fbx
  artifactKey: Guid(3f4d2118f6a772542a1635ef5bfa6982) Importer(815301076,1909f56bfc062723c751e8b465ee728b)
Start importing Assets/Low Poly Fruits/Fruits_FBX.fbx using Guid(3f4d2118f6a772542a1635ef5bfa6982) Importer(815301076,1909f56bfc062723c751e8b465ee728b)  -> (artifact id: '16bee76942fdf9a505b8962765d7ab03') in 0.719642 seconds
  Import took 0.727835 seconds .

========================================================================
Received Import Request.
  Time since last request: 0.385705 seconds.
  path: Assets/Low Poly Fruits/Materials/Fruits_Texture.png
  artifactKey: Guid(45df95f9f966e52418e878fe07503b07) Importer(815301076,1909f56bfc062723c751e8b465ee728b)
Start importing Assets/Low Poly Fruits/Materials/Fruits_Texture.png using Guid(45df95f9f966e52418e878fe07503b07) Importer(815301076,1909f56bfc062723c751e8b465ee728b)  -> (artifact id: '49e24a0fb5da2bab1cf60ba3d4b2b0de') in 0.016277 seconds
  Import took 0.022428 seconds .

========================================================================
Received Import Request.
  Time since last request: 0.000260 seconds.
  path: Assets/Low Poly Fruits/Materials/Material.001.mat
  artifactKey: Guid(2629bdb5f95d3aa4c8ff0bbc8840c7a5) Importer(815301076,1909f56bfc062723c751e8b465ee728b)
Start importing Assets/Low Poly Fruits/Materials/Material.001.mat using Guid(2629bdb5f95d3aa4c8ff0bbc8840c7a5) Importer(815301076,1909f56bfc062723c751e8b465ee728b)  -> (artifact id: '7808cb80266607d8b17c4f32d7dcc682') in 0.038006 seconds
  Import took 0.044390 seconds .

========================================================================
Received Import Request.
  Time since last request: 1.579293 seconds.
  path: Assets/Low Poly Fruits/resources/Gradient.psd
  artifactKey: Guid(94fb1b1dc007ef84bb148bf51d4edef7) Importer(815301076,1909f56bfc062723c751e8b465ee728b)
Start importing Assets/Low Poly Fruits/resources/Gradient.psd using Guid(94fb1b1dc007ef84bb148bf51d4edef7) Importer(815301076,1909f56bfc062723c751e8b465ee728b)  -> (artifact id: '46addc7e5a3a51b78a9a9700f8275c98') in 0.029381 seconds
  Import took 0.036715 seconds .

========================================================================
Received Import Request.
  Time since last request: 144.093225 seconds.
  path: Assets/Prefabs/apple.prefab
  artifactKey: Guid(426b44a7575f71e479fab4f4e8431989) Importer(815301076,1909f56bfc062723c751e8b465ee728b)
Start importing Assets/Prefabs/apple.prefab using Guid(426b44a7575f71e479fab4f4e8431989) Importer(815301076,1909f56bfc062723c751e8b465ee728b)  -> (artifact id: '631cc925df7093390c2024a42664ef11') in 0.027501 seconds
  Import took 0.034857 seconds .

========================================================================
Received Prepare
Registering precompiled user dll's ...
Registered in 0.001697 seconds.
Begin MonoManager ReloadAssembly
Native extension for WindowsStandalone target not found
Refreshing native plugins compatible for Editor in 0.71 ms, found 0 plugins.
Preloading 0 native plugins for Editor in 0.00 ms.
Invoked RoslynAnalysisRunner static constructor.
RoslynAnalysisRunner will not be running.
RoslynAnalysisRunner has terminated.
Mono: successfully reloaded assembly
- Completed reload, in  1.319 seconds
Platform modules already initialized, skipping
Refreshing native plugins compatible for Editor in 0.71 ms, found 0 plugins.
Preloading 0 native plugins for Editor in 0.00 ms.
Unloading 3279 Unused Serialized files (Serialized files now loaded: 0)
System memory in use before: 173.8 MB.
System memory in use after: 171.5 MB.

Unloading 33 unused Assets to reduce memory usage. Loaded Objects now: 4414.
Total: 6.568000 ms (FindLiveObjects: 0.528400 ms CreateObjectMapping: 0.190900 ms MarkObjects: 3.317700 ms  DeleteObjects: 2.528200 ms)

========================================================================
Received Import Request.
  Time since last request: 95.617864 seconds.
  path: Assets/Scripts/SpawnManager.cs
  artifactKey: Guid(8af3fe53dca13d447bf0b084b39e686d) Importer(815301076,1909f56bfc062723c751e8b465ee728b)
Start importing Assets/Scripts/SpawnManager.cs using Guid(8af3fe53dca13d447bf0b084b39e686d) Importer(815301076,1909f56bfc062723c751e8b465ee728b)  -> (artifact id: '6dff8d6978be98a1c17f0acd569af1e0') in 0.011569 seconds
  Import took 0.018052 seconds .

